<?xml version="1.0" encoding="UTF-8"?>
<testsuite xmlns:xsi="http://www.w3.org/2001/XMLSchema-instance" xsi:noNamespaceSchemaLocation="https://maven.apache.org/surefire/maven-surefire-plugin/xsd/surefire-test-report-3.0.xsd" version="3.0" name="edu.uob.ExtraControllerTests" time="0.017" tests="3" errors="0" skipped="0" failures="0">
  <properties>
[...]
</properties>
  <testcase name="testHigherWinCondition" classname="edu.uob.ExtraControllerTests" time="0.008"/>
  <testcase name="testMultiplePlayers" classname="edu.uob.ExtraControllerTests" time="0.002"/>
  <testcase name="testLowerWinCondition" classname="edu.uob.ExtraControllerTests" time="0.003"/>
</testsuite>